<?xml version="1.0" encoding="UTF-8"?>
<!-- Generated by org.testng.reporters.JUnitXMLReporter -->
<testsuite ignored="0" hostname="Ideapad330" failures="1" tests="7" name="TutorialsNinja Tests" time="43.011" errors="0" timestamp="2024-03-18T10:29:43 IST">
  <testcase classname="com.tutorialsninja.qa.testcases.RegisterTest" name="verifyRegisteringAnAccountWithMandatoryFields" time="2.335"/>
  <testcase classname="com.tutorialsninja.qa.testcases.RegisterTest" name="verifyRegisteringAccountByProvidingAllFields" time="2.251"/>
  <testcase classname="com.tutorialsninja.qa.testcases.RegisterTest" name="verifyRegisteringAccountWithExistingEmailAddress" time="1.878"/>
  <testcase classname="com.tutorialsninja.qa.testcases.RegisterTest" name="verifyRegisteringAccountWithoutFillingAnyDetails" time="0.988"/>
  <testcase classname="com.tutorialsninja.qa.testcases.SearchTest" name="verifySearchWithValidProduct" time="0.902"/>
  <testcase classname="com.tutorialsninja.qa.testcases.SearchTest" name="verifySearchWithInvalidProduct" time="0.877">
    <failure type="java.lang.AssertionError" message="No product message in search results is not displayed expected [abcd] but found [There is no product that matches the search criteria.]">
      <![CDATA[java.lang.AssertionError: No product message in search results is not displayed expected [abcd] but found [There is no product that matches the search criteria.]
at com.tutorialsninja.qa.testcases.SearchTest.verifySearchWithInvalidProduct(SearchTest.java:52)
at java.base/java.util.ArrayList.forEach(ArrayList.java:1511)
... Removed 30 stack frames]]>
    </failure>
  </testcase> <!-- verifySearchWithInvalidProduct -->
  <testcase classname="com.tutorialsninja.qa.testcases.SearchTest" name="verifySearchWithoutAnyProduct" time="0.0">
    <skipped/>
  </testcase> <!-- verifySearchWithoutAnyProduct -->
</testsuite> <!-- TutorialsNinja Tests -->
