<?xml version="1.0" encoding="UTF-8"?>
<testng-results ignored="0" total="4" passed="4" failed="0" skipped="0">
  <reporter-output>
  </reporter-output>
  <suite started-at="2024-03-16T22:20:07 IST" name="TutorialsNinja Automation Suite" finished-at="2024-03-16T22:20:38 IST" duration-ms="30407">
    <groups>
    </groups>
    <test started-at="2024-03-16T22:20:07 IST" name="TutorialsNinja Tests" finished-at="2024-03-16T22:20:38 IST" duration-ms="30407">
      <class name="com.tutorialsninja.qa.testcases.RegisterTest">
        <test-method is-config="true" signature="setup()[pri:0, instance:com.tutorialsninja.qa.testcases.RegisterTest@3023df74]" started-at="2024-03-16T22:20:09 IST" name="setup" finished-at="2024-03-16T22:20:15 IST" duration-ms="6526" status="PASS">
          <reporter-output>
          </reporter-output>
        </test-method> <!-- setup -->
        <test-method signature="verifyRegisteringAnAccountWithMandatoryFields()[pri:1, instance:com.tutorialsninja.qa.testcases.RegisterTest@3023df74]" started-at="2024-03-16T22:20:15 IST" name="verifyRegisteringAnAccountWithMandatoryFields" finished-at="2024-03-16T22:20:17 IST" duration-ms="1898" status="PASS">
          <reporter-output>
          </reporter-output>
        </test-method> <!-- verifyRegisteringAnAccountWithMandatoryFields -->
        <test-method is-config="true" signature="tearDown()[pri:0, instance:com.tutorialsninja.qa.testcases.RegisterTest@3023df74]" started-at="2024-03-16T22:20:17 IST" name="tearDown" finished-at="2024-03-16T22:20:17 IST" duration-ms="294" status="PASS">
          <reporter-output>
          </reporter-output>
        </test-method> <!-- tearDown -->
        <test-method is-config="true" signature="setup()[pri:0, instance:com.tutorialsninja.qa.testcases.RegisterTest@3023df74]" started-at="2024-03-16T22:20:17 IST" name="setup" finished-at="2024-03-16T22:20:23 IST" duration-ms="5427" status="PASS">
          <reporter-output>
          </reporter-output>
        </test-method> <!-- setup -->
        <test-method signature="verifyRegisteringAccountByProvidingAllFields()[pri:2, instance:com.tutorialsninja.qa.testcases.RegisterTest@3023df74]" started-at="2024-03-16T22:20:23 IST" name="verifyRegisteringAccountByProvidingAllFields" finished-at="2024-03-16T22:20:25 IST" duration-ms="2333" status="PASS">
          <reporter-output>
          </reporter-output>
        </test-method> <!-- verifyRegisteringAccountByProvidingAllFields -->
        <test-method is-config="true" signature="tearDown()[pri:0, instance:com.tutorialsninja.qa.testcases.RegisterTest@3023df74]" started-at="2024-03-16T22:20:25 IST" name="tearDown" finished-at="2024-03-16T22:20:25 IST" duration-ms="302" status="PASS">
          <reporter-output>
          </reporter-output>
        </test-method> <!-- tearDown -->
        <test-method is-config="true" signature="setup()[pri:0, instance:com.tutorialsninja.qa.testcases.RegisterTest@3023df74]" started-at="2024-03-16T22:20:25 IST" name="setup" finished-at="2024-03-16T22:20:29 IST" duration-ms="3420" status="PASS">
          <reporter-output>
          </reporter-output>
        </test-method> <!-- setup -->
        <test-method signature="verifyRegisteringAccountWithExistingEmailAddress()[pri:3, instance:com.tutorialsninja.qa.testcases.RegisterTest@3023df74]" started-at="2024-03-16T22:20:29 IST" name="verifyRegisteringAccountWithExistingEmailAddress" finished-at="2024-03-16T22:20:31 IST" duration-ms="2040" status="PASS">
          <reporter-output>
          </reporter-output>
        </test-method> <!-- verifyRegisteringAccountWithExistingEmailAddress -->
        <test-method is-config="true" signature="tearDown()[pri:0, instance:com.tutorialsninja.qa.testcases.RegisterTest@3023df74]" started-at="2024-03-16T22:20:31 IST" name="tearDown" finished-at="2024-03-16T22:20:31 IST" duration-ms="352" status="PASS">
          <reporter-output>
          </reporter-output>
        </test-method> <!-- tearDown -->
        <test-method is-config="true" signature="setup()[pri:0, instance:com.tutorialsninja.qa.testcases.RegisterTest@3023df74]" started-at="2024-03-16T22:20:31 IST" name="setup" finished-at="2024-03-16T22:20:37 IST" duration-ms="5472" status="PASS">
          <reporter-output>
          </reporter-output>
        </test-method> <!-- setup -->
        <test-method signature="verifyRegisteringAccountWithoutFillingAnyDetails()[pri:4, instance:com.tutorialsninja.qa.testcases.RegisterTest@3023df74]" started-at="2024-03-16T22:20:37 IST" name="verifyRegisteringAccountWithoutFillingAnyDetails" finished-at="2024-03-16T22:20:38 IST" duration-ms="868" status="PASS">
          <reporter-output>
          </reporter-output>
        </test-method> <!-- verifyRegisteringAccountWithoutFillingAnyDetails -->
        <test-method is-config="true" signature="tearDown()[pri:0, instance:com.tutorialsninja.qa.testcases.RegisterTest@3023df74]" started-at="2024-03-16T22:20:38 IST" name="tearDown" finished-at="2024-03-16T22:20:38 IST" duration-ms="252" status="PASS">
          <reporter-output>
          </reporter-output>
        </test-method> <!-- tearDown -->
      </class> <!-- com.tutorialsninja.qa.testcases.RegisterTest -->
    </test> <!-- TutorialsNinja Tests -->
  </suite> <!-- TutorialsNinja Automation Suite -->
</testng-results>
